app/build/intermediates/manifest_merge_blame_file/debug/manifest-merger-blame-debug-report.txt
1<?xml version="1.0" encoding="utf-8"?>
2<!--
3  ~ Copyright (C) 2021 The Android Open Source Project.
4  ~
5  ~ Licensed under the Apache License, Version 2.0 (the "License");
6  ~ you may not use this file except in compliance with the License.
7  ~ You may obtain a copy of the License at
8  ~
9  ~     http://www.apache.org/licenses/LICENSE-2.0
10  ~
11  ~ Unless required by applicable law or agreed to in writing, software
12  ~ distributed under the License is distributed on an "AS IS" BASIS,
13  ~ WITHOUT WARRANTIES OR CONDITIONS OF ANY KIND, either express or implied.
14  ~ See the License for the specific language governing permissions and
15  ~ limitations under the License.
16-->
17<manifest xmlns:android="http://schemas.android.com/apk/res/android"
18    package="com.example.lunchtray"
19    android:versionCode="1"
20    android:versionName="1.0" >
21
22    <uses-sdk
23        android:minSdkVersion="21"
23-->src\main\AndroidManifest.xml
24        android:targetSdkVersion="32" />
24-->src\main\AndroidManifest.xml
25
26    <uses-permission android:name="android.permission.REORDER_TASKS" />
26-->[androidx.fragment:fragment-testing:1.4.1] AndroidManifest.xml:25:5-72
26-->[androidx.fragment:fragment-testing:1.4.1] AndroidManifest.xml:25:22-69
27
28    <application
28-->src\main\AndroidManifest.xml:20:5-37:19
29        android:allowBackup="true"
29-->src\main\AndroidManifest.xml:21:9-35
30        android:appComponentFactory="androidx.core.app.CoreComponentFactory"
30-->[androidx.core:core:1.8.0] AndroidManifest.xml:24:18-86
31        android:debuggable="true"
32        android:icon="@mipmap/ic_launcher"
32-->src\main\AndroidManifest.xml:22:9-43
33        android:label="@string/app_name"
33-->src\main\AndroidManifest.xml:23:9-41
34        android:roundIcon="@mipmap/ic_launcher_round"
34-->src\main\AndroidManifest.xml:24:9-54
35        android:supportsRtl="true"
35-->src\main\AndroidManifest.xml:25:9-35
36        android:testOnly="true"
37        android:theme="@style/Theme.LunchTray" >
37-->src\main\AndroidManifest.xml:26:9-47
38        <activity
38-->src\main\AndroidManifest.xml:27:9-36:20
39            android:name="com.example.lunchtray.MainActivity"
39-->src\main\AndroidManifest.xml:28:13-41
40            android:exported="true"
40-->src\main\AndroidManifest.xml:30:13-36
41            android:label="@string/app_name" >
41-->src\main\AndroidManifest.xml:29:13-45
42            <intent-filter>
42-->src\main\AndroidManifest.xml:31:13-35:29
43                <action android:name="android.intent.action.MAIN" />
43-->src\main\AndroidManifest.xml:32:17-69
43-->src\main\AndroidManifest.xml:32:25-66
44
45                <category android:name="android.intent.category.LAUNCHER" />
45-->src\main\AndroidManifest.xml:34:17-77
45-->src\main\AndroidManifest.xml:34:27-74
46            </intent-filter>
47        </activity>
48        <activity
48-->[androidx.fragment:fragment-testing:1.4.1] AndroidManifest.xml:28:9-37:20
49            android:name="androidx.fragment.app.testing.FragmentScenario$EmptyFragmentActivity"
49-->[androidx.fragment:fragment-testing:1.4.1] AndroidManifest.xml:29:13-96
50            android:exported="true"
50-->[androidx.fragment:fragment-testing:1.4.1] AndroidManifest.xml:30:13-36
51            android:multiprocess="true"
51-->[androidx.fragment:fragment-testing:1.4.1] AndroidManifest.xml:31:13-40
52            android:taskAffinity=""
52-->[androidx.fragment:fragment-testing:1.4.1] AndroidManifest.xml:32:13-36
53            android:theme="@style/FragmentScenarioEmptyFragmentActivityTheme" >
53-->[androidx.fragment:fragment-testing:1.4.1] AndroidManifest.xml:33:13-78
54            <intent-filter>
54-->[androidx.fragment:fragment-testing:1.4.1] AndroidManifest.xml:34:13-36:29
55                <action android:name="android.intent.action.MAIN" />
55-->src\main\AndroidManifest.xml:32:17-69
55-->src\main\AndroidManifest.xml:32:25-66
56            </intent-filter>
57        </activity>
58
59        <uses-library
59-->[androidx.window:window:1.0.0] AndroidManifest.xml:25:9-27:40
60            android:name="androidx.window.extensions"
60-->[androidx.window:window:1.0.0] AndroidManifest.xml:26:13-54
61            android:required="false" />
61-->[androidx.window:window:1.0.0] AndroidManifest.xml:27:13-37
62        <uses-library
62-->[androidx.window:window:1.0.0] AndroidManifest.xml:28:9-30:40
63            android:name="androidx.window.sidecar"
63-->[androidx.window:window:1.0.0] AndroidManifest.xml:29:13-51
64            android:required="false" />
64-->[androidx.window:window:1.0.0] AndroidManifest.xml:30:13-37
65
66        <activity
66-->[androidx.test:core:1.4.0] AndroidManifest.xml:27:9-34:20
67            android:name="androidx.test.core.app.InstrumentationActivityInvoker$BootstrapActivity"
67-->[androidx.test:core:1.4.0] AndroidManifest.xml:28:13-99
68            android:exported="true"
68-->[androidx.test:core:1.4.0] AndroidManifest.xml:29:13-36
69            android:theme="@android:style/Theme" >
69-->[androidx.test:core:1.4.0] AndroidManifest.xml:30:13-49
70            <intent-filter>
70-->[androidx.fragment:fragment-testing:1.4.1] AndroidManifest.xml:34:13-36:29
71                <action android:name="android.intent.action.MAIN" />
71-->src\main\AndroidManifest.xml:32:17-69
71-->src\main\AndroidManifest.xml:32:25-66
72            </intent-filter>
73        </activity>
74        <activity
74-->[androidx.test:core:1.4.0] AndroidManifest.xml:35:9-42:20
75            android:name="androidx.test.core.app.InstrumentationActivityInvoker$EmptyActivity"
75-->[androidx.test:core:1.4.0] AndroidManifest.xml:36:13-95
76            android:exported="true"
76-->[androidx.test:core:1.4.0] AndroidManifest.xml:37:13-36
77            android:theme="@android:style/Theme" >
77-->[androidx.test:core:1.4.0] AndroidManifest.xml:38:13-49
78            <intent-filter>
78-->[androidx.fragment:fragment-testing:1.4.1] AndroidManifest.xml:34:13-36:29
79                <action android:name="android.intent.action.MAIN" />
79-->src\main\AndroidManifest.xml:32:17-69
79-->src\main\AndroidManifest.xml:32:25-66
80            </intent-filter>
81        </activity>
82        <activity
82-->[androidx.test:core:1.4.0] AndroidManifest.xml:43:9-50:20
83            android:name="androidx.test.core.app.InstrumentationActivityInvoker$EmptyFloatingActivity"
83-->[androidx.test:core:1.4.0] AndroidManifest.xml:44:13-103
84            android:exported="true"
84-->[androidx.test:core:1.4.0] AndroidManifest.xml:45:13-36
85            android:theme="@android:style/Theme.Dialog" >
85-->[androidx.test:core:1.4.0] AndroidManifest.xml:46:13-56
86            <intent-filter>
86-->[androidx.fragment:fragment-testing:1.4.1] AndroidManifest.xml:34:13-36:29
87                <action android:name="android.intent.action.MAIN" />
87-->src\main\AndroidManifest.xml:32:17-69
87-->src\main\AndroidManifest.xml:32:25-66
88            </intent-filter>
89        </activity>
90
91        <provider
91-->[androidx.emoji2:emoji2:1.0.0] AndroidManifest.xml:26:9-34:20
92            android:name="androidx.startup.InitializationProvider"
92-->[androidx.emoji2:emoji2:1.0.0] AndroidManifest.xml:27:13-67
93            android:authorities="com.example.lunchtray.androidx-startup"
93-->[androidx.emoji2:emoji2:1.0.0] AndroidManifest.xml:28:13-68
94            android:exported="false" >
94-->[androidx.emoji2:emoji2:1.0.0] AndroidManifest.xml:29:13-37
95            <meta-data
95-->[androidx.emoji2:emoji2:1.0.0] AndroidManifest.xml:31:13-33:52
96                android:name="androidx.emoji2.text.EmojiCompatInitializer"
96-->[androidx.emoji2:emoji2:1.0.0] AndroidManifest.xml:32:17-75
97                android:value="androidx.startup" />
97-->[androidx.emoji2:emoji2:1.0.0] AndroidManifest.xml:33:17-49
98            <meta-data
98-->[androidx.lifecycle:lifecycle-process:2.4.0] AndroidManifest.xml:31:13-33:52
99                android:name="androidx.lifecycle.ProcessLifecycleInitializer"
99-->[androidx.lifecycle:lifecycle-process:2.4.0] AndroidManifest.xml:32:17-78
100                android:value="androidx.startup" />
100-->[androidx.lifecycle:lifecycle-process:2.4.0] AndroidManifest.xml:33:17-49
101        </provider>
102    </application>
103
104</manifest>